[1116/231502.093:ERROR:directory_reader_win.cc(43)] FindFirstFile: The system cannot find the path specified. (0x3)
[1117/061813.159:ERROR:directory_reader_win.cc(43)] FindFirstFile: The system cannot find the path specified. (0x3)
[1117/074834.314:ERROR:process_reader_win.cc(151)] SuspendThread: Access is denied. (0x5)
[1117/074834.314:ERROR:process_reader_win.cc(151)] SuspendThread: Access is denied. (0x5)
[1117/074834.314:ERROR:process_reader_win.cc(151)] SuspendThread: Access is denied. (0x5)
[1117/074834.314:ERROR:process_reader_win.cc(151)] SuspendThread: Access is denied. (0x5)
[1117/074834.314:ERROR:process_reader_win.cc(151)] SuspendThread: Access is denied. (0x5)
[1117/074834.314:ERROR:process_reader_win.cc(151)] SuspendThread: Access is denied. (0x5)
[1117/074834.314:ERROR:process_reader_win.cc(151)] SuspendThread: Access is denied. (0x5)
[1117/074834.314:ERROR:process_reader_win.cc(151)] SuspendThread: Access is denied. (0x5)
[1117/074834.314:ERROR:process_reader_win.cc(151)] SuspendThread: Access is denied. (0x5)
[1117/074834.314:ERROR:process_reader_win.cc(151)] SuspendThread: Access is denied. (0x5)
[1117/074834.314:ERROR:process_reader_win.cc(151)] SuspendThread: Access is denied. (0x5)
[1117/074834.314:ERROR:process_reader_win.cc(151)] SuspendThread: Access is denied. (0x5)
[1117/074834.314:ERROR:process_reader_win.cc(123)] NtOpenThread: {Access Denied} A process has requested access to an object, but has not been granted those access rights. (0xc0000022)
[1117/074834.330:ERROR:exception_snapshot_win.cc(99)] thread ID 3768 not found in process
[1117/074834.330:ERROR:process_reader_win.cc(151)] SuspendThread: Access is denied. (0x5)
[1117/074834.330:ERROR:process_reader_win.cc(151)] SuspendThread: Access is denied. (0x5)
[1117/074834.330:ERROR:process_reader_win.cc(151)] SuspendThread: Access is denied. (0x5)
[1117/074834.330:ERROR:process_reader_win.cc(151)] SuspendThread: Access is denied. (0x5)
[1117/074834.330:ERROR:process_reader_win.cc(151)] SuspendThread: Access is denied. (0x5)
[1117/074834.330:ERROR:process_reader_win.cc(151)] SuspendThread: Access is denied. (0x5)
[1117/074834.330:ERROR:process_reader_win.cc(151)] SuspendThread: Access is denied. (0x5)
[1117/074834.330:ERROR:process_reader_win.cc(151)] SuspendThread: Access is denied. (0x5)
[1117/074834.330:ERROR:process_reader_win.cc(151)] SuspendThread: Access is denied. (0x5)
[1117/074834.330:ERROR:process_reader_win.cc(151)] SuspendThread: Access is denied. (0x5)
[1117/074834.330:ERROR:process_reader_win.cc(151)] SuspendThread: Access is denied. (0x5)
[1117/074834.330:ERROR:process_reader_win.cc(151)] SuspendThread: Access is denied. (0x5)
[1117/074834.330:ERROR:process_reader_win.cc(151)] SuspendThread: Access is denied. (0x5)
[1117/074834.330:ERROR:process_reader_win.cc(151)] SuspendThread: Access is denied. (0x5)
[1117/074834.330:ERROR:process_reader_win.cc(151)] SuspendThread: Access is denied. (0x5)
[1117/074834.330:ERROR:process_reader_win.cc(151)] SuspendThread: Access is denied. (0x5)
[1117/074834.330:ERROR:process_reader_win.cc(151)] SuspendThread: Access is denied. (0x5)
[1117/074834.330:ERROR:process_reader_win.cc(123)] NtOpenThread: {Access Denied} A process has requested access to an object, but has not been granted those access rights. (0xc0000022)
[1117/074834.330:ERROR:exception_snapshot_win.cc(99)] thread ID 4788 not found in process
[1117/074834.361:ERROR:process_reader_win.cc(151)] SuspendThread: Access is denied. (0x5)
[1117/074834.361:ERROR:process_reader_win.cc(151)] SuspendThread: Access is denied. (0x5)
[1117/074834.361:ERROR:process_reader_win.cc(123)] NtOpenThread: {Access Denied} A process has requested access to an object, but has not been granted those access rights. (0xc0000022)
[1117/074834.361:ERROR:exception_snapshot_win.cc(99)] thread ID 3920 not found in process
[1117/083339.051:ERROR:settings.cc(321)] Settings magic is not 1129342067
[1117/084339.074:ERROR:directory_reader_win.cc(43)] FindFirstFile: The system cannot find the path specified. (0x3)
[1117/110533.510:ERROR:directory_reader_win.cc(43)] FindFirstFile: The system cannot find the path specified. (0x3)
[1117/175623.621:ERROR:directory_reader_win.cc(43)] FindFirstFile: The system cannot find the path specified. (0x3)
